2018-01-20 16:20:58 INFO  JavaRushTasksProjectComponent.projectOpened(68) - ---------- Project JavaRushTasks opened ----------

2018-01-20 16:20:58 INFO  ApacheHttpClient.login(209) - Ожидание ответа сервера.
2018-01-20 16:20:58 INFO  ApacheHttpClient.login(213) - responseCode200
2018-01-20 16:20:58 INFO  ApacheHttpClient.login(244) - JSESSIONID=8EDD4166DC770FDE37C9C27813E8062B
2018-01-20 16:20:58 INFO  ApacheHttpClient.refreshUserInfo(272) - responseCode = 200
2018-01-20 16:20:58 INFO  ApacheHttpClient.refreshUserInfo(278) - Информация о пользователе получена.
2018-01-20 16:20:58 INFO  ApacheHttpClient.startGA(32) - GAService запущен.
2018-01-20 16:20:58 INFO  AbstractRestApiClient.startService(70) - EventsService запущен.
2018-01-20 16:25:08 INFO  ApacheHttpClient.getWebResourceAsStream(420) - responseCode = 200
2018-01-20 16:25:09 INFO  ApacheHttpClient.getFilteredTasks(307) - responseCode = 200
2018-01-20 16:25:22 INFO  ApacheHttpClient.getFilteredTasks(307) - responseCode = 200
2018-01-20 16:25:23 INFO  ApacheHttpClient.getTaskTemplateInfo(324) - responseCode = 200
2018-01-20 16:25:23 INFO  ApacheHttpClient.testConnection(178) - responseCode = 200
2018-01-20 16:25:23 INFO  ApacheHttpClient.testConnection(185) - result = true
2018-01-20 16:25:23 INFO  ApacheHttpClient.testConnection(178) - responseCode = 200
2018-01-20 16:25:23 INFO  ApacheHttpClient.testConnection(185) - result = true
2018-01-20 16:25:24 INFO  ApacheHttpClient.getWebResourceAsStream(420) - responseCode = 200
2018-01-20 16:25:28 INFO  ApacheHttpClient.getWebResourceAsStream(420) - responseCode = 200
2018-01-20 16:25:29 INFO  ApacheHttpClient.getFilteredTasks(307) - responseCode = 200
2018-01-20 16:25:44 INFO  ApacheHttpClient.getFilteredTasks(307) - responseCode = 200
2018-01-20 16:25:58 INFO  ApacheHttpClient.sendEvent(450) - responseCode = 200
2018-01-20 16:26:58 INFO  ApacheHttpClient.sendEvent(450) - responseCode = 200
2018-01-20 16:27:58 INFO  ApacheHttpClient.sendEvent(450) - responseCode = 200
2018-01-20 16:28:58 INFO  ApacheHttpClient.sendEvent(450) - responseCode = 200
2018-01-20 16:29:59 INFO  ApacheHttpClient.sendEvent(450) - responseCode = 200
2018-01-20 16:30:58 INFO  ApacheHttpClient.sendEvent(450) - responseCode = 200
2018-01-20 16:31:58 INFO  ApacheHttpClient.sendEvent(450) - responseCode = 200
2018-01-20 16:32:31 INFO  ApacheHttpClient.getTaskTemplateInfo(324) - responseCode = 200
2018-01-20 16:32:31 INFO  ApacheHttpClient.testConnection(178) - responseCode = 200
2018-01-20 16:32:31 INFO  ApacheHttpClient.testConnection(185) - result = true
2018-01-20 16:32:32 INFO  ApacheHttpClient.testConnection(178) - responseCode = 200
2018-01-20 16:32:32 INFO  ApacheHttpClient.testConnection(185) - result = true
2018-01-20 16:32:32 INFO  ApacheHttpClient.getWebResourceAsStream(420) - responseCode = 200
2018-01-20 16:32:58 INFO  ApacheHttpClient.sendEvent(450) - responseCode = 200
2018-01-20 16:33:34 INFO  ApacheHttpClient.testConnection(178) - responseCode = 200
2018-01-20 16:33:34 INFO  ApacheHttpClient.testConnection(185) - result = true
2018-01-20 16:33:58 INFO  ApacheHttpClient.sendEvent(450) - responseCode = 200
2018-01-20 16:34:07 INFO  ApacheHttpClient.testConnection(178) - responseCode = 200
2018-01-20 16:34:07 INFO  ApacheHttpClient.testConnection(185) - result = true
2018-01-20 16:34:07 INFO  ApacheHttpClient.testConnection(178) - responseCode = 200
2018-01-20 16:34:07 INFO  ApacheHttpClient.testConnection(185) - result = true
2018-01-20 16:34:08 INFO  ApacheHttpClient.getWebResourceAsStream(420) - responseCode = 200
2018-01-20 16:34:58 INFO  ApacheHttpClient.sendEvent(450) - responseCode = 200
2018-01-20 16:35:58 INFO  ApacheHttpClient.sendEvent(450) - responseCode = 200
2018-01-20 16:36:58 INFO  ApacheHttpClient.sendEvent(450) - responseCode = 200
2018-01-20 16:37:58 INFO  ApacheHttpClient.sendEvent(450) - responseCode = 200
2018-01-20 16:38:58 INFO  ApacheHttpClient.sendEvent(450) - responseCode = 200
2018-01-20 16:39:58 INFO  ApacheHttpClient.sendEvent(450) - responseCode = 200
2018-01-20 16:40:58 INFO  ApacheHttpClient.sendEvent(450) - responseCode = 200
2018-01-20 16:41:58 INFO  ApacheHttpClient.sendEvent(450) - responseCode = 200
2018-01-20 16:42:58 INFO  ApacheHttpClient.sendEvent(450) - responseCode = 200
2018-01-20 16:43:58 INFO  ApacheHttpClient.sendEvent(450) - responseCode = 200
2018-01-20 16:44:58 INFO  ApacheHttpClient.sendEvent(450) - responseCode = 200
2018-01-20 16:45:58 INFO  ApacheHttpClient.sendEvent(450) - responseCode = 200
2018-01-20 16:46:58 INFO  ApacheHttpClient.sendEvent(450) - responseCode = 200
2018-01-20 16:47:58 INFO  ApacheHttpClient.sendEvent(450) - responseCode = 200
2018-01-20 16:48:58 INFO  ApacheHttpClient.sendEvent(450) - responseCode = 200
2018-01-20 16:49:58 INFO  ApacheHttpClient.sendEvent(450) - responseCode = 200
2018-01-20 16:50:58 INFO  ApacheHttpClient.sendEvent(450) - responseCode = 200
2018-01-20 16:51:58 INFO  ApacheHttpClient.sendEvent(450) - responseCode = 200
2018-01-20 16:52:58 INFO  ApacheHttpClient.sendEvent(450) - responseCode = 200
2018-01-20 16:53:58 INFO  ApacheHttpClient.sendEvent(450) - responseCode = 200
2018-01-20 16:54:58 INFO  ApacheHttpClient.sendEvent(450) - responseCode = 200
2018-01-20 16:55:58 INFO  ApacheHttpClient.sendEvent(450) - responseCode = 200
2018-01-20 16:56:58 INFO  ApacheHttpClient.sendEvent(450) - responseCode = 200
2018-01-20 16:57:58 INFO  ApacheHttpClient.sendEvent(450) - responseCode = 200
2018-01-20 16:58:58 INFO  ApacheHttpClient.sendEvent(450) - responseCode = 200
2018-01-20 16:59:58 INFO  ApacheHttpClient.sendEvent(450) - responseCode = 200
2018-01-20 17:00:58 INFO  ApacheHttpClient.sendEvent(450) - responseCode = 200
2018-01-20 17:01:58 INFO  ApacheHttpClient.sendEvent(450) - responseCode = 200
2018-01-20 17:02:58 INFO  ApacheHttpClient.sendEvent(450) - responseCode = 200
2018-01-20 17:03:58 INFO  ApacheHttpClient.sendEvent(450) - responseCode = 200
2018-01-20 17:04:58 INFO  ApacheHttpClient.sendEvent(450) - responseCode = 200
2018-01-20 17:05:58 INFO  ApacheHttpClient.sendEvent(450) - responseCode = 200
2018-01-20 17:06:58 INFO  ApacheHttpClient.sendEvent(450) - responseCode = 200
2018-01-20 17:07:58 INFO  ApacheHttpClient.sendEvent(450) - responseCode = 200
2018-01-20 17:08:58 INFO  ApacheHttpClient.sendEvent(450) - responseCode = 200
2018-01-20 17:09:58 INFO  ApacheHttpClient.sendEvent(450) - responseCode = 200
2018-01-20 17:10:58 INFO  ApacheHttpClient.sendEvent(450) - responseCode = 200
2018-01-20 17:11:58 INFO  ApacheHttpClient.sendEvent(450) - responseCode = 200
2018-01-20 17:12:58 INFO  ApacheHttpClient.sendEvent(450) - responseCode = 200
2018-01-20 17:13:58 INFO  ApacheHttpClient.sendEvent(450) - responseCode = 200
2018-01-20 17:14:58 INFO  ApacheHttpClient.sendEvent(450) - responseCode = 200
2018-01-20 17:15:58 INFO  ApacheHttpClient.sendEvent(450) - responseCode = 200
2018-01-20 17:16:58 INFO  ApacheHttpClient.sendEvent(450) - responseCode = 200
2018-01-20 17:17:58 INFO  ApacheHttpClient.sendEvent(450) - responseCode = 200
2018-01-20 17:18:58 INFO  ApacheHttpClient.sendEvent(450) - responseCode = 200
2018-01-20 17:19:58 INFO  ApacheHttpClient.sendEvent(450) - responseCode = 200
2018-01-20 17:20:08 INFO  ApacheHttpClient.getWebResourceAsStream(420) - responseCode = 200
2018-01-20 17:20:09 INFO  ApacheHttpClient.getWebResourceAsStream(420) - responseCode = 200
2018-01-20 17:20:09 INFO  ApacheHttpClient.getTask(405) - responseCode = 200
2018-01-20 17:20:11 INFO  ApacheHttpClient.completed(27) - responseCode = 200
2018-01-20 17:20:11 INFO  ApacheHttpClient.getTask(405) - responseCode = 200
2018-01-20 17:20:58 INFO  ApacheHttpClient.sendEvent(450) - responseCode = 200
2018-01-20 17:21:41 INFO  ApacheHttpClient.getWebResourceAsStream(420) - responseCode = 200
2018-01-20 17:21:41 INFO  ApacheHttpClient.getFilteredTasks(307) - responseCode = 200
2018-01-20 17:21:58 INFO  ApacheHttpClient.sendEvent(450) - responseCode = 200
2018-01-20 17:22:05 INFO  ApacheHttpClient.getTaskTemplateInfo(324) - responseCode = 200
2018-01-20 17:22:06 INFO  ApacheHttpClient.testConnection(178) - responseCode = 200
2018-01-20 17:22:06 INFO  ApacheHttpClient.testConnection(185) - result = true
2018-01-20 17:22:06 INFO  ApacheHttpClient.testConnection(178) - responseCode = 200
2018-01-20 17:22:06 INFO  ApacheHttpClient.testConnection(185) - result = true
2018-01-20 17:22:06 INFO  ApacheHttpClient.getWebResourceAsStream(420) - responseCode = 200
2018-01-20 17:22:58 INFO  ApacheHttpClient.sendEvent(450) - responseCode = 200
2018-01-20 17:23:58 INFO  ApacheHttpClient.sendEvent(450) - responseCode = 200
2018-01-20 17:24:53 INFO  ApacheHttpClient.getWebResourceAsStream(420) - responseCode = 200
2018-01-20 17:24:53 INFO  ApacheHttpClient.getTask(405) - responseCode = 200
2018-01-20 17:24:53 INFO  ApacheHttpClient.getWebResourceAsStream(420) - responseCode = 200
2018-01-20 17:24:54 INFO  ApacheHttpClient.completed(27) - responseCode = 200
2018-01-20 17:24:54 INFO  ApacheHttpClient.getTask(405) - responseCode = 200
2018-01-20 17:24:58 INFO  ApacheHttpClient.sendEvent(450) - responseCode = 200
2018-01-20 17:25:22 INFO  ApacheHttpClient.getWebResourceAsStream(420) - responseCode = 200
2018-01-20 17:25:22 INFO  ApacheHttpClient.getFilteredTasks(307) - responseCode = 200
2018-01-20 17:25:54 INFO  ApacheHttpClient.getTaskTemplateInfo(324) - responseCode = 200
2018-01-20 17:25:54 INFO  ApacheHttpClient.testConnection(178) - responseCode = 200
2018-01-20 17:25:54 INFO  ApacheHttpClient.testConnection(185) - result = true
2018-01-20 17:25:54 INFO  ApacheHttpClient.testConnection(178) - responseCode = 200
2018-01-20 17:25:54 INFO  ApacheHttpClient.testConnection(185) - result = true
2018-01-20 17:25:54 INFO  ApacheHttpClient.getWebResourceAsStream(420) - responseCode = 200
2018-01-20 17:25:58 INFO  ApacheHttpClient.sendEvent(450) - responseCode = 200
2018-01-20 17:26:58 INFO  ApacheHttpClient.sendEvent(450) - responseCode = 200
2018-01-20 17:27:58 INFO  ApacheHttpClient.sendEvent(450) - responseCode = 200
2018-01-20 17:28:58 INFO  ApacheHttpClient.sendEvent(450) - responseCode = 200
2018-01-20 17:29:58 INFO  ApacheHttpClient.sendEvent(450) - responseCode = 200
2018-01-20 17:30:58 INFO  ApacheHttpClient.sendEvent(450) - responseCode = 200
2018-01-20 17:31:58 INFO  ApacheHttpClient.sendEvent(450) - responseCode = 200
2018-01-20 17:32:58 INFO  ApacheHttpClient.sendEvent(450) - responseCode = 200
2018-01-20 17:33:58 INFO  ApacheHttpClient.sendEvent(450) - responseCode = 200
2018-01-20 17:34:58 INFO  ApacheHttpClient.sendEvent(450) - responseCode = 200
2018-01-20 17:35:58 INFO  ApacheHttpClient.sendEvent(450) - responseCode = 200
2018-01-20 17:36:58 INFO  ApacheHttpClient.sendEvent(450) - responseCode = 200
2018-01-20 17:37:58 INFO  ApacheHttpClient.sendEvent(450) - responseCode = 200
2018-01-20 17:38:58 INFO  ApacheHttpClient.sendEvent(450) - responseCode = 200
2018-01-20 17:39:58 INFO  ApacheHttpClient.sendEvent(450) - responseCode = 200
2018-01-20 17:40:58 INFO  ApacheHttpClient.sendEvent(450) - responseCode = 200
2018-01-20 17:41:00 INFO  ApacheHttpClient.getWebResourceAsStream(420) - responseCode = 200
2018-01-20 17:41:00 INFO  ApacheHttpClient.getWebResourceAsStream(420) - responseCode = 200
2018-01-20 17:41:00 INFO  ApacheHttpClient.getTask(405) - responseCode = 200
2018-01-20 17:41:01 INFO  ApacheHttpClient.completed(27) - responseCode = 200
2018-01-20 17:41:02 INFO  ApacheHttpClient.getTask(405) - responseCode = 200
2018-01-20 17:41:58 INFO  ApacheHttpClient.sendEvent(450) - responseCode = 200
2018-01-20 17:42:58 INFO  ApacheHttpClient.sendEvent(450) - responseCode = 200
2018-01-20 17:43:58 INFO  ApacheHttpClient.sendEvent(450) - responseCode = 200
2018-01-20 17:44:58 INFO  ApacheHttpClient.sendEvent(450) - responseCode = 200
2018-01-20 17:45:58 INFO  ApacheHttpClient.sendEvent(450) - responseCode = 200
2018-01-20 17:46:58 INFO  ApacheHttpClient.sendEvent(450) - responseCode = 200
2018-01-20 17:47:58 INFO  ApacheHttpClient.sendEvent(450) - responseCode = 200
2018-01-20 17:48:58 INFO  ApacheHttpClient.sendEvent(450) - responseCode = 200
2018-01-20 17:49:58 INFO  ApacheHttpClient.sendEvent(450) - responseCode = 200
2018-01-20 17:50:58 INFO  ApacheHttpClient.sendEvent(450) - responseCode = 200
2018-01-20 17:51:58 INFO  ApacheHttpClient.sendEvent(450) - responseCode = 200
2018-01-20 17:52:58 INFO  ApacheHttpClient.sendEvent(450) - responseCode = 200
2018-01-20 17:53:58 INFO  ApacheHttpClient.sendEvent(450) - responseCode = 200
2018-01-20 17:54:58 INFO  ApacheHttpClient.sendEvent(450) - responseCode = 200
2018-01-20 17:55:58 INFO  ApacheHttpClient.sendEvent(450) - responseCode = 200
2018-01-20 17:56:58 INFO  ApacheHttpClient.sendEvent(450) - responseCode = 200
2018-01-20 17:57:58 INFO  ApacheHttpClient.sendEvent(450) - responseCode = 200
2018-01-20 17:58:58 INFO  ApacheHttpClient.sendEvent(450) - responseCode = 200
2018-01-20 17:59:58 INFO  ApacheHttpClient.sendEvent(450) - responseCode = 200
2018-01-20 18:00:58 INFO  ApacheHttpClient.sendEvent(450) - responseCode = 200
2018-01-20 18:01:58 INFO  ApacheHttpClient.sendEvent(450) - responseCode = 200
2018-01-20 18:02:58 INFO  ApacheHttpClient.sendEvent(450) - responseCode = 200
2018-01-20 18:03:58 INFO  ApacheHttpClient.sendEvent(450) - responseCode = 200
2018-01-20 18:04:58 INFO  ApacheHttpClient.sendEvent(450) - responseCode = 200
2018-01-20 18:05:58 INFO  ApacheHttpClient.sendEvent(450) - responseCode = 200
2018-01-20 18:06:58 INFO  ApacheHttpClient.sendEvent(450) - responseCode = 200
2018-01-20 18:07:58 INFO  ApacheHttpClient.sendEvent(450) - responseCode = 200
2018-01-20 18:08:58 INFO  ApacheHttpClient.sendEvent(450) - responseCode = 200
2018-01-20 18:09:21 INFO  ApacheHttpClient.getWebResourceAsStream(420) - responseCode = 200
2018-01-20 18:09:21 INFO  ApacheHttpClient.getFilteredTasks(307) - responseCode = 200
2018-01-20 18:09:58 INFO  ApacheHttpClient.sendEvent(450) - responseCode = 200
2018-01-20 18:10:01 INFO  ApacheHttpClient.getTaskTemplateInfo(324) - responseCode = 200
2018-01-20 18:10:01 INFO  ApacheHttpClient.testConnection(178) - responseCode = 200
2018-01-20 18:10:01 INFO  ApacheHttpClient.testConnection(185) - result = true
2018-01-20 18:10:01 INFO  ApacheHttpClient.testConnection(178) - responseCode = 200
2018-01-20 18:10:01 INFO  ApacheHttpClient.testConnection(185) - result = true
2018-01-20 18:10:01 INFO  ApacheHttpClient.getWebResourceAsStream(420) - responseCode = 200
2018-01-20 18:10:58 INFO  ApacheHttpClient.sendEvent(450) - responseCode = 200
2018-01-20 18:11:58 INFO  ApacheHttpClient.sendEvent(450) - responseCode = 200
2018-01-20 18:12:58 INFO  ApacheHttpClient.sendEvent(450) - responseCode = 200
2018-01-20 18:13:58 INFO  ApacheHttpClient.sendEvent(450) - responseCode = 200
2018-01-20 18:14:58 INFO  ApacheHttpClient.sendEvent(450) - responseCode = 200
2018-01-20 18:15:58 INFO  ApacheHttpClient.sendEvent(450) - responseCode = 200
2018-01-20 18:16:58 INFO  ApacheHttpClient.sendEvent(450) - responseCode = 200
2018-01-20 18:17:58 INFO  ApacheHttpClient.sendEvent(450) - responseCode = 200
2018-01-20 18:18:58 INFO  ApacheHttpClient.sendEvent(450) - responseCode = 200
2018-01-20 18:19:58 INFO  ApacheHttpClient.sendEvent(450) - responseCode = 200
2018-01-20 18:20:58 INFO  ApacheHttpClient.sendEvent(450) - responseCode = 200
2018-01-20 18:21:58 INFO  ApacheHttpClient.sendEvent(450) - responseCode = 200
2018-01-20 18:22:58 INFO  ApacheHttpClient.sendEvent(450) - responseCode = 200
2018-01-20 18:23:58 INFO  ApacheHttpClient.sendEvent(450) - responseCode = 200
2018-01-20 18:24:58 INFO  ApacheHttpClient.sendEvent(450) - responseCode = 200
2018-01-20 18:25:58 INFO  ApacheHttpClient.sendEvent(450) - responseCode = 200
2018-01-20 18:26:58 INFO  ApacheHttpClient.sendEvent(450) - responseCode = 200
2018-01-20 18:27:58 INFO  ApacheHttpClient.sendEvent(450) - responseCode = 200
2018-01-20 18:28:58 INFO  ApacheHttpClient.sendEvent(450) - responseCode = 200
2018-01-20 18:29:58 INFO  ApacheHttpClient.sendEvent(450) - responseCode = 200
2018-01-20 18:30:58 INFO  ApacheHttpClient.sendEvent(450) - responseCode = 200
2018-01-20 18:31:58 INFO  ApacheHttpClient.sendEvent(450) - responseCode = 200
2018-01-20 18:32:58 INFO  ApacheHttpClient.sendEvent(450) - responseCode = 200
2018-01-20 18:33:58 INFO  ApacheHttpClient.sendEvent(450) - responseCode = 200
2018-01-20 18:34:58 INFO  ApacheHttpClient.sendEvent(450) - responseCode = 200
2018-01-20 18:35:58 INFO  ApacheHttpClient.sendEvent(450) - responseCode = 200
2018-01-20 18:36:58 INFO  ApacheHttpClient.sendEvent(450) - responseCode = 200
2018-01-20 18:37:58 INFO  ApacheHttpClient.sendEvent(450) - responseCode = 200
2018-01-20 18:38:58 INFO  ApacheHttpClient.sendEvent(450) - responseCode = 200
2018-01-20 18:39:58 INFO  ApacheHttpClient.sendEvent(450) - responseCode = 200
2018-01-20 18:40:58 INFO  ApacheHttpClient.sendEvent(450) - responseCode = 200
2018-01-20 18:41:58 INFO  ApacheHttpClient.sendEvent(450) - responseCode = 200
2018-01-20 18:42:58 INFO  ApacheHttpClient.sendEvent(450) - responseCode = 200
2018-01-20 18:43:58 INFO  ApacheHttpClient.sendEvent(450) - responseCode = 200
2018-01-20 18:44:58 INFO  ApacheHttpClient.sendEvent(450) - responseCode = 200
2018-01-20 18:45:58 INFO  ApacheHttpClient.sendEvent(450) - responseCode = 200
2018-01-20 18:46:58 INFO  ApacheHttpClient.sendEvent(450) - responseCode = 200
2018-01-20 18:47:58 INFO  ApacheHttpClient.sendEvent(450) - responseCode = 200
2018-01-20 18:48:58 INFO  ApacheHttpClient.sendEvent(450) - responseCode = 200
2018-01-20 18:49:58 INFO  ApacheHttpClient.sendEvent(450) - responseCode = 200
2018-01-20 18:50:58 INFO  ApacheHttpClient.sendEvent(450) - responseCode = 200
2018-01-20 18:51:58 INFO  ApacheHttpClient.sendEvent(450) - responseCode = 200
2018-01-20 18:52:58 INFO  ApacheHttpClient.sendEvent(450) - responseCode = 200
2018-01-20 18:53:58 INFO  ApacheHttpClient.sendEvent(450) - responseCode = 200
2018-01-20 18:54:58 INFO  ApacheHttpClient.sendEvent(450) - responseCode = 200
2018-01-20 18:55:58 INFO  ApacheHttpClient.sendEvent(450) - responseCode = 200
2018-01-20 18:56:58 INFO  ApacheHttpClient.sendEvent(450) - responseCode = 200
2018-01-20 18:57:58 INFO  ApacheHttpClient.sendEvent(450) - responseCode = 200
2018-01-20 18:58:58 INFO  ApacheHttpClient.sendEvent(450) - responseCode = 200
2018-01-20 18:59:58 INFO  ApacheHttpClient.sendEvent(450) - responseCode = 200
2018-01-20 19:00:58 INFO  ApacheHttpClient.sendEvent(450) - responseCode = 200
2018-01-20 19:01:58 INFO  ApacheHttpClient.sendEvent(450) - responseCode = 200
2018-01-20 19:02:58 INFO  ApacheHttpClient.sendEvent(450) - responseCode = 200
2018-01-20 19:03:58 INFO  ApacheHttpClient.sendEvent(450) - responseCode = 200
2018-01-20 19:04:58 INFO  ApacheHttpClient.sendEvent(450) - responseCode = 200
2018-01-20 19:05:58 INFO  ApacheHttpClient.sendEvent(450) - responseCode = 200
2018-01-20 19:06:58 INFO  ApacheHttpClient.sendEvent(450) - responseCode = 200
2018-01-20 19:07:58 INFO  ApacheHttpClient.sendEvent(450) - responseCode = 200
2018-01-20 19:08:58 INFO  ApacheHttpClient.sendEvent(450) - responseCode = 200
2018-01-20 19:09:58 INFO  ApacheHttpClient.sendEvent(450) - responseCode = 200
2018-01-20 19:10:58 INFO  ApacheHttpClient.sendEvent(450) - responseCode = 200
2018-01-20 19:11:58 INFO  ApacheHttpClient.sendEvent(450) - responseCode = 200
2018-01-20 19:12:58 INFO  ApacheHttpClient.sendEvent(450) - responseCode = 200
2018-01-20 19:13:58 INFO  ApacheHttpClient.sendEvent(450) - responseCode = 200
2018-01-20 19:14:58 INFO  ApacheHttpClient.sendEvent(450) - responseCode = 200
2018-01-20 19:15:58 INFO  ApacheHttpClient.sendEvent(450) - responseCode = 200
2018-01-20 19:16:58 INFO  ApacheHttpClient.sendEvent(450) - responseCode = 200
2018-01-20 19:17:58 INFO  ApacheHttpClient.sendEvent(450) - responseCode = 200
2018-01-20 19:18:58 INFO  ApacheHttpClient.sendEvent(450) - responseCode = 200
2018-01-20 19:19:58 INFO  ApacheHttpClient.sendEvent(450) - responseCode = 200
2018-01-20 19:20:58 INFO  ApacheHttpClient.sendEvent(450) - responseCode = 200
2018-01-20 19:21:58 INFO  ApacheHttpClient.sendEvent(450) - responseCode = 200
2018-01-20 19:22:58 INFO  ApacheHttpClient.sendEvent(450) - responseCode = 200
2018-01-20 19:23:58 INFO  ApacheHttpClient.sendEvent(450) - responseCode = 200
2018-01-20 19:24:58 INFO  ApacheHttpClient.sendEvent(450) - responseCode = 200
2018-01-20 19:25:58 INFO  ApacheHttpClient.sendEvent(450) - responseCode = 200
2018-01-20 19:26:58 INFO  ApacheHttpClient.sendEvent(450) - responseCode = 200
2018-01-20 19:27:58 INFO  ApacheHttpClient.sendEvent(450) - responseCode = 200
2018-01-20 19:28:58 INFO  ApacheHttpClient.sendEvent(450) - responseCode = 200
2018-01-20 19:29:59 INFO  ApacheHttpClient.sendEvent(450) - responseCode = 200
2018-01-20 19:30:58 INFO  ApacheHttpClient.sendEvent(450) - responseCode = 200
2018-01-20 19:31:58 INFO  ApacheHttpClient.sendEvent(450) - responseCode = 200
2018-01-20 19:32:58 INFO  ApacheHttpClient.sendEvent(450) - responseCode = 200
2018-01-20 19:33:58 INFO  ApacheHttpClient.sendEvent(450) - responseCode = 200
2018-01-20 19:34:58 INFO  ApacheHttpClient.sendEvent(450) - responseCode = 200
2018-01-20 19:35:58 INFO  ApacheHttpClient.sendEvent(450) - responseCode = 200
2018-01-20 19:36:58 INFO  ApacheHttpClient.sendEvent(450) - responseCode = 200
2018-01-20 19:37:58 INFO  ApacheHttpClient.sendEvent(450) - responseCode = 200
2018-01-20 19:38:58 INFO  ApacheHttpClient.sendEvent(450) - responseCode = 200
2018-01-20 19:39:58 INFO  ApacheHttpClient.sendEvent(450) - responseCode = 200
2018-01-20 19:40:58 INFO  ApacheHttpClient.sendEvent(450) - responseCode = 200
2018-01-20 19:41:29 INFO  ApacheHttpClient.getWebResourceAsStream(420) - responseCode = 200
2018-01-20 19:41:29 INFO  ApacheHttpClient.getTask(405) - responseCode = 200
2018-01-20 19:41:29 INFO  ApacheHttpClient.getWebResourceAsStream(420) - responseCode = 200
2018-01-20 19:41:31 INFO  ApacheHttpClient.completed(27) - responseCode = 200
2018-01-20 19:41:31 INFO  ApacheHttpClient.getTask(405) - responseCode = 200
2018-01-20 19:41:58 INFO  ApacheHttpClient.sendEvent(450) - responseCode = 200
2018-01-20 19:42:18 INFO  ApacheHttpClient.getWebResourceAsStream(420) - responseCode = 200
2018-01-20 19:42:18 INFO  ApacheHttpClient.getTask(405) - responseCode = 200
2018-01-20 19:42:58 INFO  ApacheHttpClient.sendEvent(450) - responseCode = 200
